mode: set
github.com/thanhphuocnguyen/go-bookings-app/cmd/web/main.go:21.13,24.16 2 0
github.com/thanhphuocnguyen/go-bookings-app/cmd/web/main.go:24.16,26.3 1 0
github.com/thanhphuocnguyen/go-bookings-app/cmd/web/main.go:28.2,34.45 4 0
github.com/thanhphuocnguyen/go-bookings-app/cmd/web/main.go:37.18,41.16 3 1
github.com/thanhphuocnguyen/go-bookings-app/cmd/web/main.go:41.16,44.3 2 0
github.com/thanhphuocnguyen/go-bookings-app/cmd/web/main.go:46.2,62.12 12 1
github.com/thanhphuocnguyen/go-bookings-app/cmd/web/middlewares.go:9.45,19.2 3 1
github.com/thanhphuocnguyen/go-bookings-app/cmd/web/middlewares.go:21.50,23.2 1 1
github.com/thanhphuocnguyen/go-bookings-app/cmd/web/routes.go:11.28,36.2 18 1
