mode: set
github.com/thanhphuocnguyen/go-bookings-app/internal/render/render.go:21.52,23.2 1 0
github.com/thanhphuocnguyen/go-bookings-app/internal/render/render.go:31.84,37.2 5 1
github.com/thanhphuocnguyen/go-bookings-app/internal/render/render.go:39.107,41.18 2 1
github.com/thanhphuocnguyen/go-bookings-app/internal/render/render.go:41.18,43.3 1 1
github.com/thanhphuocnguyen/go-bookings-app/internal/render/render.go:43.8,45.3 1 0
github.com/thanhphuocnguyen/go-bookings-app/internal/render/render.go:46.2,47.41 2 1
github.com/thanhphuocnguyen/go-bookings-app/internal/render/render.go:47.41,50.17 3 1
github.com/thanhphuocnguyen/go-bookings-app/internal/render/render.go:50.17,53.4 2 0
github.com/thanhphuocnguyen/go-bookings-app/internal/render/render.go:54.3,55.17 2 1
github.com/thanhphuocnguyen/go-bookings-app/internal/render/render.go:55.17,58.4 2 0
github.com/thanhphuocnguyen/go-bookings-app/internal/render/render.go:59.8,61.3 1 1
github.com/thanhphuocnguyen/go-bookings-app/internal/render/render.go:62.2,62.12 1 1
github.com/thanhphuocnguyen/go-bookings-app/internal/render/render.go:65.65,68.16 3 1
github.com/thanhphuocnguyen/go-bookings-app/internal/render/render.go:68.16,71.3 2 0
github.com/thanhphuocnguyen/go-bookings-app/internal/render/render.go:72.2,72.33 1 1
github.com/thanhphuocnguyen/go-bookings-app/internal/render/render.go:72.33,77.17 3 1
github.com/thanhphuocnguyen/go-bookings-app/internal/render/render.go:77.17,80.4 2 0
github.com/thanhphuocnguyen/go-bookings-app/internal/render/render.go:82.3,84.17 2 1
github.com/thanhphuocnguyen/go-bookings-app/internal/render/render.go:84.17,87.4 2 0
github.com/thanhphuocnguyen/go-bookings-app/internal/render/render.go:89.3,89.26 1 1
github.com/thanhphuocnguyen/go-bookings-app/internal/render/render.go:89.26,91.18 2 1
github.com/thanhphuocnguyen/go-bookings-app/internal/render/render.go:91.18,94.5 2 0
github.com/thanhphuocnguyen/go-bookings-app/internal/render/render.go:97.3,97.19 1 1
github.com/thanhphuocnguyen/go-bookings-app/internal/render/render.go:99.2,99.19 1 1
